<?xml version="1.0" encoding="UTF-8"?>
<!-- Generated by org.testng.reporters.JUnitXMLReporter -->
<testsuite hostname="ASH-LPT-19" ignored="1" name="VillaPlusTest" tests="2" failures="0" timestamp="29 Dec 2017 18:54:05 GMT" time="38.537" errors="0">
  <testcase name="verifySearchBtnFunctionality" time="38.498" classname="com.vp.tests.HomePageTests"/>
  <testcase name="verifySearchResultspage" time="0.014" classname="com.vp.tests.SRPageTests"/>
  <testcase name="@AfterSuite TeardownBrowser" time="0.0" classname="com.vp.utils.BaseUtils">
    <ignored/>
  </testcase> <!-- @AfterSuite TeardownBrowser -->
</testsuite> <!-- VillaPlusTest -->
