<?xml version="1.0" encoding="UTF-8"?>
<!-- Generated by org.testng.reporters.JUnitXMLReporter -->
<testsuite hostname="ASH-LPT-19" ignored="1" name="SmokeTestsOnFirefox" tests="6" failures="0" timestamp="23 Feb 2018 14:21:24 GMT" time="112.406" errors="0">
  <testcase name="verifySearchBtnFunctionality" time="32.924" classname="com.vp.tests.HomePageTests"/>
  <testcase name="verifySearchResultspage" time="0.003" classname="com.vp.tests.SRPageTests"/>
  <testcase name="openVOSummaryPage" time="12.523" classname="com.vp.tests.SRPageTests"/>
  <testcase name="VerifyFlightspage" time="3.348" classname="com.vp.tests.FlightPageTests"/>
  <testcase name="verifyContinuebtnFunctionality" time="28.693" classname="com.vp.tests.GroupDetailsPageTests"/>
  <testcase name="VerifyExtrasPage" time="34.863" classname="com.vp.tests.ExtrasPageTests"/>
  <testcase name="openPKSummaryPage" time="0.0" classname="com.vp.tests.SRPageTests">
    <ignored/>
  </testcase> <!-- openPKSummaryPage -->
</testsuite> <!-- SmokeTestsOnFirefox -->
