<?xml version="1.0" encoding="UTF-8"?>
<!-- Generated by org.testng.reporters.JUnitXMLReporter -->
<testsuite hostname="ASH-LPT-19" ignored="1" name="SmokeTestsOnFirefox" tests="6" failures="0" timestamp="08 Mar 2018 07:01:15 GMT" time="148.765" errors="0">
  <testcase name="verifySearchBtnFunctionality" time="46.457" classname="com.vp.tests.HomePageTests"/>
  <testcase name="verifySearchResultspage" time="0.002" classname="com.vp.tests.SRPageTests"/>
  <testcase name="openVOSummaryPage" time="17.956" classname="com.vp.tests.SRPageTests"/>
  <testcase name="VerifyFlightspage" time="4.125" classname="com.vp.tests.FlightPageTests"/>
  <testcase name="verifyContinuebtnFunctionality" time="32.383" classname="com.vp.tests.GroupDetailsPageTests"/>
  <testcase name="VerifyExtrasPage" time="47.801" classname="com.vp.tests.ExtrasPageTests"/>
  <testcase name="openPKSummaryPage" time="0.0" classname="com.vp.tests.SRPageTests">
    <ignored/>
  </testcase> <!-- openPKSummaryPage -->
</testsuite> <!-- SmokeTestsOnFirefox -->
