<?xml version="1.0" encoding="UTF-8"?>
<!-- Generated by org.testng.reporters.JUnitXMLReporter -->
<testsuite hostname="ASH-LPT-19" ignored="0" name="SmokeTests" tests="3" failures="0" timestamp="16 Mar 2018 01:27:40 GMT" time="542.523" errors="0">
  <testcase name="PackageBookingVerification" time="190.156" classname="com.vp.tests.PackageBooking"/>
  <testcase name="VillaOnlyBookingVerification" time="137.758" classname="com.vp.tests.VillaOnlyBooking"/>
  <testcase name="ConvertedBookingVerification" time="105.047" classname="com.vp.tests.ConvertedBooking"/>
</testsuite> <!-- SmokeTests -->
