<?xml version="1.0" encoding="UTF-8"?>
<testng-results skipped="0" failed="0" ignored="0" total="3" passed="3">
  <reporter-output>
    <line>
      <![CDATA[PASS : "Home Page" is Opened.]]>
    </line>
    <line>
      <![CDATA[PASS : Destinations Dropdown is Opened.]]>
    </line>
    <line>
      <![CDATA[FAIL : Could not Select "Menorca" from Destinations Dropdown.Index: 24, Size: 24]]>
    </line>
    <line>
      <![CDATA[PASS : Clicked Date Text box.]]>
    </line>
    <line>
      <![CDATA[PASS : Selected "September 2018" From Month dropdown.]]>
    </line>
    <line>
      <![CDATA[PASS : Selected "28" Date From Calender.]]>
    </line>
    <line>
      <![CDATA[PASS : Selected "14 nights" From Duration dropdown.]]>
    </line>
    <line>
      <![CDATA[PASS : Selected "2" Adults.]]>
    </line>
    <line>
      <![CDATA[PASS : Selected "2" Child.]]>
    </line>
    <line>
      <![CDATA[PASS : Selected "0" Infants.]]>
    </line>
    <line>
      <![CDATA[FAIL : Could Not Select "[[[[ChromeDriver: chrome on XP (110d46a4cbfa9c68af4119521b4c185b)] -> id: ddAirports]] -> tag name: option]" From Airports dropdown.Index: 34, Size: 34]]>
    </line>
    <line>
      <![CDATA[PASS : Clicked "Search" Button from Search Tile.]]>
    </line>
    <line>
      <![CDATA[PASS : "Search Results" Page Opened.]]>
    </line>
    <line>
      <![CDATA[PASS : 51 Villas found in Search Results page.]]>
    </line>
    <line>
      <![CDATA[PASS : Clicked "Book Villa & Flights" Button.]]>
    </line>
    <line>
      <![CDATA[PASS : "Flights" Page Opened.]]>
    </line>
    <line>
      <![CDATA[PASS : Clicked "Continue" Button From "Flights" page.]]>
    </line>
    <line>
      <![CDATA[FAIL : "Group Detail" Page Title is Villa Plus | Flights]]>
    </line>
    <line>
      <![CDATA[PASS : \ Title is Clickable]]>
    </line>
    <line>
      <![CDATA[PASS : \ Title is Selected]]>
    </line>
    <line>
      <![CDATA[PASS : \ Title is Clickable]]>
    </line>
    <line>
      <![CDATA[PASS : \ Title is Selected]]>
    </line>
    <line>
      <![CDATA[PASS : \ Title is Clickable]]>
    </line>
    <line>
      <![CDATA[PASS : \ Title is Selected]]>
    </line>
    <line>
      <![CDATA[PASS : Adding First Name ]]>
    </line>
    <line>
      <![CDATA[PASS : Adding First Name ]]>
    </line>
    <line>
      <![CDATA[PASS : Adding First Name ]]>
    </line>
    <line>
      <![CDATA[PASS : Adding First Name ]]>
    </line>
    <line>
      <![CDATA[PASS : Adding Last Name ]]>
    </line>
    <line>
      <![CDATA[PASS : Adding Last Name ]]>
    </line>
    <line>
      <![CDATA[PASS : Adding Last Name ]]>
    </line>
    <line>
      <![CDATA[PASS : Adding Last Name ]]>
    </line>
    <line>
      <![CDATA[PASS : Adding EmailId ]]>
    </line>
    <line>
      <![CDATA[PASS : Adding EmailId ]]>
    </line>
    <line>
      <![CDATA[FAIL : Adding EmailIdelement not visible  (Session info: chrome=64.0.3282.186)  (Driver info: chromedriver=2.34.522940 (1a76f96f66e3ca7b8e57d503b4dd3bccfba87af1),platform=Windows NT 10.0.15063 x86_64) (WARNING: The server did not provide any stacktrace information)Command duration or timeout: 0 millisecondsBuild info: version: '3.8.1', revision: '6e95a6684b', time: '2017-12-01T19:05:14.666Z'System info: host: 'ASH-LPT-19', ip: '10.81.234.6', os.name: 'Windows 10', os.arch: 'amd64', os.version: '10.0', java.version: '1.8.0_151'Driver info: org.openqa.selenium.chrome.ChromeDriverCapabilities {acceptSslCerts: true, applicationCacheEnabled: false, browserConnectionEnabled: false, browserName: chrome, chrome: {chromedriverVersion: 2.34.522940 (1a76f96f66e3ca..., userDataDir: C:\Users\veera\AppData\Loca...}, cssSelectorsEnabled: true, databaseEnabled: false, handlesAlerts: true, hasTouchScreen: false, javascriptEnabled: true, locationContextEnabled: true, mobileEmulationEnabled: false, nativeEvents: true, networkConnectionEnabled: false, pageLoadStrategy: normal, platform: XP, platformName: XP, rotatable: false, setWindowRect: true, takesHeapSnapshot: true, takesScreenshot: true, unexpectedAlertBehaviour: , unhandledPromptBehavior: , version: 64.0.3282.186, webStorageEnabled: true}Session ID: 110d46a4cbfa9c68af4119521b4c185b]]>
    </line>
    <line>
      <![CDATA[PASS : Adding Confirm EmailId ]]>
    </line>
    <line>
      <![CDATA[PASS : Adding Age]]>
    </line>
    <line>
      <![CDATA[PASS : Adding Age]]>
    </line>
    <line>
      <![CDATA[PASS : Adding Age]]>
    </line>
    <line>
      <![CDATA[PASS : Adding Age]]>
    </line>
    <line>
      <![CDATA[PASS : Adding a Day Phone no Code ]]>
    </line>
    <line>
      <![CDATA[FAIL :no such element: Unable to locate element: {"method":"id","selector":"BtnOk"}  (Session info: chrome=64.0.3282.186)  (Driver info: chromedriver=2.34.522940 (1a76f96f66e3ca7b8e57d503b4dd3bccfba87af1),platform=Windows NT 10.0.15063 x86_64) (WARNING: The server did not provide any stacktrace information)Command duration or timeout: 0 millisecondsFor documentation on this error, please visit: http://seleniumhq.org/exceptions/no_such_element.htmlBuild info: version: '3.8.1', revision: '6e95a6684b', time: '2017-12-01T19:05:14.666Z'System info: host: 'ASH-LPT-19', ip: '10.81.234.6', os.name: 'Windows 10', os.arch: 'amd64', os.version: '10.0', java.version: '1.8.0_151'Driver info: org.openqa.selenium.chrome.ChromeDriverCapabilities {acceptSslCerts: true, applicationCacheEnabled: false, browserConnectionEnabled: false, browserName: chrome, chrome: {chromedriverVersion: 2.34.522940 (1a76f96f66e3ca..., userDataDir: C:\Users\veera\AppData\Loca...}, cssSelectorsEnabled: true, databaseEnabled: false, handlesAlerts: true, hasTouchScreen: false, javascriptEnabled: true, locationContextEnabled: true, mobileEmulationEnabled: false, nativeEvents: true, networkConnectionEnabled: false, pageLoadStrategy: normal, platform: XP, platformName: XP, rotatable: false, setWindowRect: true, takesHeapSnapshot: true, takesScreenshot: true, unexpectedAlertBehaviour: , unhandledPromptBehavior: , version: 64.0.3282.186, webStorageEnabled: true}Session ID: 110d46a4cbfa9c68af4119521b4c185b*** Element info: {Using=id, value=BtnOk}]]>
    </line>
    <line>
      <![CDATA[FAIL : "Extras" Page Title is Villa Plus | Group Details]]>
    </line>
    <line>
      <![CDATA[FAIL : Could Not Click "Continue" Button From "Extras" page.no such element: Unable to locate element: {"method":"link text","selector":"Continue"}  (Session info: chrome=64.0.3282.186)  (Driver info: chromedriver=2.34.522940 (1a76f96f66e3ca7b8e57d503b4dd3bccfba87af1),platform=Windows NT 10.0.15063 x86_64) (WARNING: The server did not provide any stacktrace information)Command duration or timeout: 0 millisecondsFor documentation on this error, please visit: http://seleniumhq.org/exceptions/no_such_element.htmlBuild info: version: '3.8.1', revision: '6e95a6684b', time: '2017-12-01T19:05:14.666Z'System info: host: 'ASH-LPT-19', ip: '10.81.234.6', os.name: 'Windows 10', os.arch: 'amd64', os.version: '10.0', java.version: '1.8.0_151'Driver info: org.openqa.selenium.chrome.ChromeDriverCapabilities {acceptSslCerts: true, applicationCacheEnabled: false, browserConnectionEnabled: false, browserName: chrome, chrome: {chromedriverVersion: 2.34.522940 (1a76f96f66e3ca..., userDataDir: C:\Users\veera\AppData\Loca...}, cssSelectorsEnabled: true, databaseEnabled: false, handlesAlerts: true, hasTouchScreen: false, javascriptEnabled: true, locationContextEnabled: true, mobileEmulationEnabled: false, nativeEvents: true, networkConnectionEnabled: false, pageLoadStrategy: normal, platform: XP, platformName: XP, rotatable: false, setWindowRect: true, takesHeapSnapshot: true, takesScreenshot: true, unexpectedAlertBehaviour: , unhandledPromptBehavior: , version: 64.0.3282.186, webStorageEnabled: true}Session ID: 110d46a4cbfa9c68af4119521b4c185b*** Element info: {Using=link text, value=Continue}]]>
    </line>
    <line>
      <![CDATA[FAIL : Could Not Click "I Agree" Button From "Extras" page.no such element: Unable to locate element: {"method":"link text","selector":"I Agree"}  (Session info: chrome=64.0.3282.186)  (Driver info: chromedriver=2.34.522940 (1a76f96f66e3ca7b8e57d503b4dd3bccfba87af1),platform=Windows NT 10.0.15063 x86_64) (WARNING: The server did not provide any stacktrace information)Command duration or timeout: 0 millisecondsFor documentation on this error, please visit: http://seleniumhq.org/exceptions/no_such_element.htmlBuild info: version: '3.8.1', revision: '6e95a6684b', time: '2017-12-01T19:05:14.666Z'System info: host: 'ASH-LPT-19', ip: '10.81.234.6', os.name: 'Windows 10', os.arch: 'amd64', os.version: '10.0', java.version: '1.8.0_151'Driver info: org.openqa.selenium.chrome.ChromeDriverCapabilities {acceptSslCerts: true, applicationCacheEnabled: false, browserConnectionEnabled: false, browserName: chrome, chrome: {chromedriverVersion: 2.34.522940 (1a76f96f66e3ca..., userDataDir: C:\Users\veera\AppData\Loca...}, cssSelectorsEnabled: true, databaseEnabled: false, handlesAlerts: true, hasTouchScreen: false, javascriptEnabled: true, locationContextEnabled: true, mobileEmulationEnabled: false, nativeEvents: true, networkConnectionEnabled: false, pageLoadStrategy: normal, platform: XP, platformName: XP, rotatable: false, setWindowRect: true, takesHeapSnapshot: true, takesScreenshot: true, unexpectedAlertBehaviour: , unhandledPromptBehavior: , version: 64.0.3282.186, webStorageEnabled: true}Session ID: 110d46a4cbfa9c68af4119521b4c185b*** Element info: {Using=link text, value=I Agree}]]>
    </line>
    <line>
      <![CDATA[PASS : "Home Page" is Opened.]]>
    </line>
    <line>
      <![CDATA[PASS : Destinations Dropdown is Opened.]]>
    </line>
    <line>
      <![CDATA[PASS : "Algarve" Selected from Destinations Dropdown.]]>
    </line>
    <line>
      <![CDATA[PASS : Clicked Date Text box.]]>
    </line>
    <line>
      <![CDATA[PASS : Selected "August 2018" From Month dropdown.]]>
    </line>
    <line>
      <![CDATA[PASS : Selected "19" Date From Calender.]]>
    </line>
    <line>
      <![CDATA[PASS : Selected "14 nights" From Duration dropdown.]]>
    </line>
    <line>
      <![CDATA[PASS : Selected "2" Adults.]]>
    </line>
    <line>
      <![CDATA[PASS : Selected "2" Child.]]>
    </line>
    <line>
      <![CDATA[PASS : Selected "0" Infants.]]>
    </line>
    <line>
      <![CDATA[FAIL : Could Not Select "[[[[ChromeDriver: chrome on XP (8c59856ef055b7557ff2e167ad4d8f08)] -> id: ddAirports]] -> tag name: option]" From Airports dropdown.Index: 34, Size: 34]]>
    </line>
    <line>
      <![CDATA[PASS : Clicked "Search" Button from Search Tile.]]>
    </line>
    <line>
      <![CDATA[PASS : "Search Results" Page Opened.]]>
    </line>
    <line>
      <![CDATA[PASS : 0 Villas found in Search Results page.]]>
    </line>
    <line>
      <![CDATA[PASS : Destinations Dropdown is Opened.]]>
    </line>
    <line>
      <![CDATA[PASS : "Rhodes" Selected from Destinations Dropdown.]]>
    </line>
    <line>
      <![CDATA[PASS : Clicked Date Text box.]]>
    </line>
    <line>
      <![CDATA[PASS : Selected "August 2018" From Month dropdown.]]>
    </line>
    <line>
      <![CDATA[PASS : Selected "1" Date From Calender.]]>
    </line>
    <line>
      <![CDATA[PASS : Selected "28 nights" From Duration dropdown.]]>
    </line>
    <line>
      <![CDATA[PASS : Selected "2" Adults.]]>
    </line>
    <line>
      <![CDATA[PASS : Selected "2" Child.]]>
    </line>
    <line>
      <![CDATA[PASS : Selected "0" Infants.]]>
    </line>
    <line>
      <![CDATA[FAIL : Could Not Select "[[[[ChromeDriver: chrome on XP (8c59856ef055b7557ff2e167ad4d8f08)] -> id: ddAirports]] -> tag name: option]" From Airports dropdown.Index: 34, Size: 34]]>
    </line>
    <line>
      <![CDATA[PASS : Clicked "Search" Button from Search Tile.]]>
    </line>
    <line>
      <![CDATA[PASS : "Search Results" Page Opened.]]>
    </line>
    <line>
      <![CDATA[PASS : 0 Villas found in Search Results page.]]>
    </line>
    <line>
      <![CDATA[PASS : Destinations Dropdown is Opened.]]>
    </line>
    <line>
      <![CDATA[PASS : "Costa del Sol" Selected from Destinations Dropdown.]]>
    </line>
    <line>
      <![CDATA[PASS : Clicked Date Text box.]]>
    </line>
    <line>
      <![CDATA[PASS : Selected "July 2018" From Month dropdown.]]>
    </line>
    <line>
      <![CDATA[PASS : Selected "13" Date From Calender.]]>
    </line>
    <line>
      <![CDATA[PASS : Selected "14 nights" From Duration dropdown.]]>
    </line>
    <line>
      <![CDATA[PASS : Selected "2" Adults.]]>
    </line>
    <line>
      <![CDATA[PASS : Selected "2" Child.]]>
    </line>
    <line>
      <![CDATA[PASS : Selected "0" Infants.]]>
    </line>
    <line>
      <![CDATA[FAIL : Could Not Select "[[[[ChromeDriver: chrome on XP (8c59856ef055b7557ff2e167ad4d8f08)] -> id: ddAirports]] -> tag name: option]" From Airports dropdown.Index: 34, Size: 34]]>
    </line>
    <line>
      <![CDATA[PASS : Clicked "Search" Button from Search Tile.]]>
    </line>
    <line>
      <![CDATA[PASS : "Search Results" Page Opened.]]>
    </line>
    <line>
      <![CDATA[PASS : 6 Villas found in Search Results page.]]>
    </line>
    <line>
      <![CDATA[PASS : Clicked "Book Villa Only" Button.]]>
    </line>
    <line>
      <![CDATA[FAIL : Could Not click "Book Villa Only" Button.stale element reference: element is not attached to the page document  (Session info: chrome=64.0.3282.186)  (Driver info: chromedriver=2.34.522940 (1a76f96f66e3ca7b8e57d503b4dd3bccfba87af1),platform=Windows NT 10.0.15063 x86_64) (WARNING: The server did not provide any stacktrace information)Command duration or timeout: 0 millisecondsFor documentation on this error, please visit: http://seleniumhq.org/exceptions/stale_element_reference.htmlBuild info: version: '3.8.1', revision: '6e95a6684b', time: '2017-12-01T19:05:14.666Z'System info: host: 'ASH-LPT-19', ip: '10.81.234.6', os.name: 'Windows 10', os.arch: 'amd64', os.version: '10.0', java.version: '1.8.0_151'Driver info: org.openqa.selenium.chrome.ChromeDriverCapabilities {acceptSslCerts: true, applicationCacheEnabled: false, browserConnectionEnabled: false, browserName: chrome, chrome: {chromedriverVersion: 2.34.522940 (1a76f96f66e3ca..., userDataDir: C:\Users\veera\AppData\Loca...}, cssSelectorsEnabled: true, databaseEnabled: false, handlesAlerts: true, hasTouchScreen: false, javascriptEnabled: true, locationContextEnabled: true, mobileEmulationEnabled: false, nativeEvents: true, networkConnectionEnabled: false, pageLoadStrategy: normal, platform: XP, platformName: XP, rotatable: false, setWindowRect: true, takesHeapSnapshot: true, takesScreenshot: true, unexpectedAlertBehaviour: , unhandledPromptBehavior: , version: 64.0.3282.186, webStorageEnabled: true}Session ID: 8c59856ef055b7557ff2e167ad4d8f08]]>
    </line>
    <line>
      <![CDATA[PASS : Clicked "Continue" Button From "Flights" page.]]>
    </line>
    <line>
      <![CDATA[FAIL : "Group Detail" Page Title is Villa Plus | Group Details]]>
    </line>
    <line>
      <![CDATA[PASS : \ Title is Clickable]]>
    </line>
    <line>
      <![CDATA[PASS : \ Title is Selected]]>
    </line>
    <line>
      <![CDATA[PASS : \ Title is Clickable]]>
    </line>
    <line>
      <![CDATA[PASS : \ Title is Selected]]>
    </line>
    <line>
      <![CDATA[PASS : \ Title is Clickable]]>
    </line>
    <line>
      <![CDATA[PASS : \ Title is Selected]]>
    </line>
    <line>
      <![CDATA[PASS : \ Title is Clickable]]>
    </line>
    <line>
      <![CDATA[PASS : \ Title is Selected]]>
    </line>
    <line>
      <![CDATA[PASS : Adding First Name ]]>
    </line>
    <line>
      <![CDATA[PASS : Adding First Name ]]>
    </line>
    <line>
      <![CDATA[PASS : Adding First Name ]]>
    </line>
    <line>
      <![CDATA[PASS : Adding First Name ]]>
    </line>
    <line>
      <![CDATA[PASS : Adding Last Name ]]>
    </line>
    <line>
      <![CDATA[PASS : Adding Last Name ]]>
    </line>
    <line>
      <![CDATA[PASS : Adding Last Name ]]>
    </line>
    <line>
      <![CDATA[PASS : Adding Last Name ]]>
    </line>
    <line>
      <![CDATA[PASS : Adding EmailId ]]>
    </line>
    <line>
      <![CDATA[PASS : Adding EmailId ]]>
    </line>
    <line>
      <![CDATA[FAIL : Adding EmailIdelement not visible  (Session info: chrome=64.0.3282.186)  (Driver info: chromedriver=2.34.522940 (1a76f96f66e3ca7b8e57d503b4dd3bccfba87af1),platform=Windows NT 10.0.15063 x86_64) (WARNING: The server did not provide any stacktrace information)Command duration or timeout: 0 millisecondsBuild info: version: '3.8.1', revision: '6e95a6684b', time: '2017-12-01T19:05:14.666Z'System info: host: 'ASH-LPT-19', ip: '10.81.234.6', os.name: 'Windows 10', os.arch: 'amd64', os.version: '10.0', java.version: '1.8.0_151'Driver info: org.openqa.selenium.chrome.ChromeDriverCapabilities {acceptSslCerts: true, applicationCacheEnabled: false, browserConnectionEnabled: false, browserName: chrome, chrome: {chromedriverVersion: 2.34.522940 (1a76f96f66e3ca..., userDataDir: C:\Users\veera\AppData\Loca...}, cssSelectorsEnabled: true, databaseEnabled: false, handlesAlerts: true, hasTouchScreen: false, javascriptEnabled: true, locationContextEnabled: true, mobileEmulationEnabled: false, nativeEvents: true, networkConnectionEnabled: false, pageLoadStrategy: normal, platform: XP, platformName: XP, rotatable: false, setWindowRect: true, takesHeapSnapshot: true, takesScreenshot: true, unexpectedAlertBehaviour: , unhandledPromptBehavior: , version: 64.0.3282.186, webStorageEnabled: true}Session ID: 8c59856ef055b7557ff2e167ad4d8f08]]>
    </line>
    <line>
      <![CDATA[PASS : Adding Confirm EmailId ]]>
    </line>
    <line>
      <![CDATA[PASS : Adding Age]]>
    </line>
    <line>
      <![CDATA[PASS : Adding Age]]>
    </line>
    <line>
      <![CDATA[PASS : Adding Age]]>
    </line>
    <line>
      <![CDATA[PASS : Adding Age]]>
    </line>
    <line>
      <![CDATA[PASS : Adding a Day Phone no Code ]]>
    </line>
    <line>
      <![CDATA[PASS : Click on I Agree Button]]>
    </line>
    <line>
      <![CDATA[FAIL : "Extras" Page Title is Villa Plus | Group Details]]>
    </line>
    <line>
      <![CDATA[PASS : Clicked "Continue" Button From "Extras" page.]]>
    </line>
    <line>
      <![CDATA[FAIL : Could Not Click "I Agree" Button From "Extras" page.no such element: Unable to locate element: {"method":"link text","selector":"I Agree"}  (Session info: chrome=64.0.3282.186)  (Driver info: chromedriver=2.34.522940 (1a76f96f66e3ca7b8e57d503b4dd3bccfba87af1),platform=Windows NT 10.0.15063 x86_64) (WARNING: The server did not provide any stacktrace information)Command duration or timeout: 0 millisecondsFor documentation on this error, please visit: http://seleniumhq.org/exceptions/no_such_element.htmlBuild info: version: '3.8.1', revision: '6e95a6684b', time: '2017-12-01T19:05:14.666Z'System info: host: 'ASH-LPT-19', ip: '10.81.234.6', os.name: 'Windows 10', os.arch: 'amd64', os.version: '10.0', java.version: '1.8.0_151'Driver info: org.openqa.selenium.chrome.ChromeDriverCapabilities {acceptSslCerts: true, applicationCacheEnabled: false, browserConnectionEnabled: false, browserName: chrome, chrome: {chromedriverVersion: 2.34.522940 (1a76f96f66e3ca..., userDataDir: C:\Users\veera\AppData\Loca...}, cssSelectorsEnabled: true, databaseEnabled: false, handlesAlerts: true, hasTouchScreen: false, javascriptEnabled: true, locationContextEnabled: true, mobileEmulationEnabled: false, nativeEvents: true, networkConnectionEnabled: false, pageLoadStrategy: normal, platform: XP, platformName: XP, rotatable: false, setWindowRect: true, takesHeapSnapshot: true, takesScreenshot: true, unexpectedAlertBehaviour: , unhandledPromptBehavior: , version: 64.0.3282.186, webStorageEnabled: true}Session ID: 8c59856ef055b7557ff2e167ad4d8f08*** Element info: {Using=link text, value=I Agree}]]>
    </line>
    <line>
      <![CDATA[PASS : Clicked "Later" Button From "Flight Info" Popup.]]>
    </line>
    <line>
      <![CDATA[PASS : "Home Page" is Opened.]]>
    </line>
    <line>
      <![CDATA[PASS : Destinations Dropdown is Opened.]]>
    </line>
    <line>
      <![CDATA[PASS : "Fuerteventura" Selected from Destinations Dropdown.]]>
    </line>
    <line>
      <![CDATA[PASS : Clicked Date Text box.]]>
    </line>
    <line>
      <![CDATA[PASS : Selected "December 2018" From Month dropdown.]]>
    </line>
    <line>
      <![CDATA[PASS : Selected "8" Date From Calender.]]>
    </line>
    <line>
      <![CDATA[PASS : Selected "28 nights" From Duration dropdown.]]>
    </line>
    <line>
      <![CDATA[PASS : Selected "2" Adults.]]>
    </line>
    <line>
      <![CDATA[PASS : Selected "2" Child.]]>
    </line>
    <line>
      <![CDATA[PASS : Selected "0" Infants.]]>
    </line>
    <line>
      <![CDATA[FAIL : Could Not Select "[[[[ChromeDriver: chrome on XP (5a560f6a5a4a9d6d968c7234196d20ed)] -> id: ddAirports]] -> tag name: option]" From Airports dropdown.Index: 34, Size: 34]]>
    </line>
    <line>
      <![CDATA[PASS : Clicked "Search" Button from Search Tile.]]>
    </line>
    <line>
      <![CDATA[PASS : "Search Results" Page Opened.]]>
    </line>
    <line>
      <![CDATA[PASS : 7 Villas found in Search Results page.]]>
    </line>
    <line>
      <![CDATA[PASS : Clicked "Book Villa Only" Button.]]>
    </line>
    <line>
      <![CDATA[FAIL : Could Not click "Book Villa Only" Button.stale element reference: element is not attached to the page document  (Session info: chrome=64.0.3282.186)  (Driver info: chromedriver=2.34.522940 (1a76f96f66e3ca7b8e57d503b4dd3bccfba87af1),platform=Windows NT 10.0.15063 x86_64) (WARNING: The server did not provide any stacktrace information)Command duration or timeout: 0 millisecondsFor documentation on this error, please visit: http://seleniumhq.org/exceptions/stale_element_reference.htmlBuild info: version: '3.8.1', revision: '6e95a6684b', time: '2017-12-01T19:05:14.666Z'System info: host: 'ASH-LPT-19', ip: '10.81.234.6', os.name: 'Windows 10', os.arch: 'amd64', os.version: '10.0', java.version: '1.8.0_151'Driver info: org.openqa.selenium.chrome.ChromeDriverCapabilities {acceptSslCerts: true, applicationCacheEnabled: false, browserConnectionEnabled: false, browserName: chrome, chrome: {chromedriverVersion: 2.34.522940 (1a76f96f66e3ca..., userDataDir: C:\Users\veera\AppData\Loca...}, cssSelectorsEnabled: true, databaseEnabled: false, handlesAlerts: true, hasTouchScreen: false, javascriptEnabled: true, locationContextEnabled: true, mobileEmulationEnabled: false, nativeEvents: true, networkConnectionEnabled: false, pageLoadStrategy: normal, platform: XP, platformName: XP, rotatable: false, setWindowRect: true, takesHeapSnapshot: true, takesScreenshot: true, unexpectedAlertBehaviour: , unhandledPromptBehavior: , version: 64.0.3282.186, webStorageEnabled: true}Session ID: 5a560f6a5a4a9d6d968c7234196d20ed]]>
    </line>
    <line>
      <![CDATA[PASS : Clicked "Continue" Button From "Flights" page.]]>
    </line>
    <line>
      <![CDATA[FAIL : "Group Detail" Page Title is Villa Plus | Group Details]]>
    </line>
    <line>
      <![CDATA[PASS : \ Title is Clickable]]>
    </line>
    <line>
      <![CDATA[PASS : \ Title is Selected]]>
    </line>
    <line>
      <![CDATA[PASS : \ Title is Clickable]]>
    </line>
    <line>
      <![CDATA[PASS : \ Title is Selected]]>
    </line>
    <line>
      <![CDATA[PASS : \ Title is Clickable]]>
    </line>
    <line>
      <![CDATA[PASS : \ Title is Selected]]>
    </line>
    <line>
      <![CDATA[PASS : \ Title is Clickable]]>
    </line>
    <line>
      <![CDATA[PASS : \ Title is Selected]]>
    </line>
    <line>
      <![CDATA[PASS : Adding First Name ]]>
    </line>
    <line>
      <![CDATA[PASS : Adding First Name ]]>
    </line>
    <line>
      <![CDATA[PASS : Adding First Name ]]>
    </line>
    <line>
      <![CDATA[PASS : Adding First Name ]]>
    </line>
    <line>
      <![CDATA[PASS : Adding Last Name ]]>
    </line>
    <line>
      <![CDATA[PASS : Adding Last Name ]]>
    </line>
    <line>
      <![CDATA[PASS : Adding Last Name ]]>
    </line>
    <line>
      <![CDATA[PASS : Adding Last Name ]]>
    </line>
    <line>
      <![CDATA[PASS : Adding EmailId ]]>
    </line>
    <line>
      <![CDATA[PASS : Adding EmailId ]]>
    </line>
    <line>
      <![CDATA[FAIL : Adding EmailIdelement not visible  (Session info: chrome=64.0.3282.186)  (Driver info: chromedriver=2.34.522940 (1a76f96f66e3ca7b8e57d503b4dd3bccfba87af1),platform=Windows NT 10.0.15063 x86_64) (WARNING: The server did not provide any stacktrace information)Command duration or timeout: 0 millisecondsBuild info: version: '3.8.1', revision: '6e95a6684b', time: '2017-12-01T19:05:14.666Z'System info: host: 'ASH-LPT-19', ip: '10.81.234.6', os.name: 'Windows 10', os.arch: 'amd64', os.version: '10.0', java.version: '1.8.0_151'Driver info: org.openqa.selenium.chrome.ChromeDriverCapabilities {acceptSslCerts: true, applicationCacheEnabled: false, browserConnectionEnabled: false, browserName: chrome, chrome: {chromedriverVersion: 2.34.522940 (1a76f96f66e3ca..., userDataDir: C:\Users\veera\AppData\Loca...}, cssSelectorsEnabled: true, databaseEnabled: false, handlesAlerts: true, hasTouchScreen: false, javascriptEnabled: true, locationContextEnabled: true, mobileEmulationEnabled: false, nativeEvents: true, networkConnectionEnabled: false, pageLoadStrategy: normal, platform: XP, platformName: XP, rotatable: false, setWindowRect: true, takesHeapSnapshot: true, takesScreenshot: true, unexpectedAlertBehaviour: , unhandledPromptBehavior: , version: 64.0.3282.186, webStorageEnabled: true}Session ID: 5a560f6a5a4a9d6d968c7234196d20ed]]>
    </line>
    <line>
      <![CDATA[PASS : Adding Confirm EmailId ]]>
    </line>
    <line>
      <![CDATA[PASS : Adding Age]]>
    </line>
    <line>
      <![CDATA[PASS : Adding Age]]>
    </line>
    <line>
      <![CDATA[PASS : Adding Age]]>
    </line>
    <line>
      <![CDATA[PASS : Adding Age]]>
    </line>
    <line>
      <![CDATA[PASS : Adding a Day Phone no Code ]]>
    </line>
    <line>
      <![CDATA[PASS : Click on I Agree Button]]>
    </line>
    <line>
      <![CDATA[FAIL : "Extras" Page Title is Villa Plus | Group Details]]>
    </line>
    <line>
      <![CDATA[PASS : Clicked "Continue" Button From "Extras" page.]]>
    </line>
    <line>
      <![CDATA[FAIL : Could Not Click "I Agree" Button From "Extras" page.no such element: Unable to locate element: {"method":"link text","selector":"I Agree"}  (Session info: chrome=64.0.3282.186)  (Driver info: chromedriver=2.34.522940 (1a76f96f66e3ca7b8e57d503b4dd3bccfba87af1),platform=Windows NT 10.0.15063 x86_64) (WARNING: The server did not provide any stacktrace information)Command duration or timeout: 0 millisecondsFor documentation on this error, please visit: http://seleniumhq.org/exceptions/no_such_element.htmlBuild info: version: '3.8.1', revision: '6e95a6684b', time: '2017-12-01T19:05:14.666Z'System info: host: 'ASH-LPT-19', ip: '10.81.234.6', os.name: 'Windows 10', os.arch: 'amd64', os.version: '10.0', java.version: '1.8.0_151'Driver info: org.openqa.selenium.chrome.ChromeDriverCapabilities {acceptSslCerts: true, applicationCacheEnabled: false, browserConnectionEnabled: false, browserName: chrome, chrome: {chromedriverVersion: 2.34.522940 (1a76f96f66e3ca..., userDataDir: C:\Users\veera\AppData\Loca...}, cssSelectorsEnabled: true, databaseEnabled: false, handlesAlerts: true, hasTouchScreen: false, javascriptEnabled: true, locationContextEnabled: true, mobileEmulationEnabled: false, nativeEvents: true, networkConnectionEnabled: false, pageLoadStrategy: normal, platform: XP, platformName: XP, rotatable: false, setWindowRect: true, takesHeapSnapshot: true, takesScreenshot: true, unexpectedAlertBehaviour: , unhandledPromptBehavior: , version: 64.0.3282.186, webStorageEnabled: true}Session ID: 5a560f6a5a4a9d6d968c7234196d20ed*** Element info: {Using=link text, value=I Agree}]]>
    </line>
  </reporter-output>
  <suite name="TestAutomationSmokeTestSuite" duration-ms="542523" started-at="2018-03-16T01:18:37Z" finished-at="2018-03-16T01:27:40Z">
    <groups>
    </groups>
    <test name="SmokeTests" duration-ms="542523" started-at="2018-03-16T01:18:37Z" finished-at="2018-03-16T01:27:40Z">
      <class name="com.vp.tests.ConvertedBooking">
        <test-method status="PASS" signature="initBrowser(java.lang.String, java.lang.String)[pri:0, instance:com.vp.tests.ConvertedBooking@4dfa3a9d]" name="initBrowser" is-config="true" duration-ms="47880" started-at="2018-03-16T06:55:06Z" finished-at="2018-03-16T06:55:54Z">
          <params>
            <param index="0">
              <value>
                <![CDATA[chrome]]>
              </value>
            </param>
            <param index="1">
              <value>
                <![CDATA[https://www.villaplus.com/]]>
              </value>
            </param>
          </params>
          <reporter-output>
          </reporter-output>
        </test-method> <!-- initBrowser -->
        <test-method status="PASS" signature="ConvertedBookingVerification(java.lang.String, java.lang.String, java.lang.String, java.lang.String, java.lang.String, java.lang.String)[pri:3, instance:com.vp.tests.ConvertedBooking@4dfa3a9d]" name="ConvertedBookingVerification" duration-ms="105047" started-at="2018-03-16T06:55:54Z" finished-at="2018-03-16T06:57:39Z">
          <params>
            <param index="0">
              <value>
                <![CDATA[chrome]]>
              </value>
            </param>
            <param index="1">
              <value>
                <![CDATA[https://www.villaplus.com/]]>
              </value>
            </param>
            <param index="2">
              <value>
                <![CDATA[2]]>
              </value>
            </param>
            <param index="3">
              <value>
                <![CDATA[2]]>
              </value>
            </param>
            <param index="4">
              <value>
                <![CDATA[0]]>
              </value>
            </param>
            <param index="5">
              <value>
                <![CDATA[05-23-2020]]>
              </value>
            </param>
          </params>
          <reporter-output>
            <line>
              <![CDATA[PASS : "Home Page" is Opened.]]>
            </line>
            <line>
              <![CDATA[PASS : Destinations Dropdown is Opened.]]>
            </line>
            <line>
              <![CDATA[PASS : "Fuerteventura" Selected from Destinations Dropdown.]]>
            </line>
            <line>
              <![CDATA[PASS : Clicked Date Text box.]]>
            </line>
            <line>
              <![CDATA[PASS : Selected "December 2018" From Month dropdown.]]>
            </line>
            <line>
              <![CDATA[PASS : Selected "8" Date From Calender.]]>
            </line>
            <line>
              <![CDATA[PASS : Selected "28 nights" From Duration dropdown.]]>
            </line>
            <line>
              <![CDATA[PASS : Selected "2" Adults.]]>
            </line>
            <line>
              <![CDATA[PASS : Selected "2" Child.]]>
            </line>
            <line>
              <![CDATA[PASS : Selected "0" Infants.]]>
            </line>
            <line>
              <![CDATA[FAIL : Could Not Select "[[[[ChromeDriver: chrome on XP (5a560f6a5a4a9d6d968c7234196d20ed)] -> id: ddAirports]] -> tag name: option]" From Airports dropdown.Index: 34, Size: 34]]>
            </line>
            <line>
              <![CDATA[PASS : Clicked "Search" Button from Search Tile.]]>
            </line>
            <line>
              <![CDATA[PASS : "Search Results" Page Opened.]]>
            </line>
            <line>
              <![CDATA[PASS : 7 Villas found in Search Results page.]]>
            </line>
            <line>
              <![CDATA[PASS : Clicked "Book Villa Only" Button.]]>
            </line>
            <line>
              <![CDATA[FAIL : Could Not click "Book Villa Only" Button.stale element reference: element is not attached to the page document  (Session info: chrome=64.0.3282.186)  (Driver info: chromedriver=2.34.522940 (1a76f96f66e3ca7b8e57d503b4dd3bccfba87af1),platform=Windows NT 10.0.15063 x86_64) (WARNING: The server did not provide any stacktrace information)Command duration or timeout: 0 millisecondsFor documentation on this error, please visit: http://seleniumhq.org/exceptions/stale_element_reference.htmlBuild info: version: '3.8.1', revision: '6e95a6684b', time: '2017-12-01T19:05:14.666Z'System info: host: 'ASH-LPT-19', ip: '10.81.234.6', os.name: 'Windows 10', os.arch: 'amd64', os.version: '10.0', java.version: '1.8.0_151'Driver info: org.openqa.selenium.chrome.ChromeDriverCapabilities {acceptSslCerts: true, applicationCacheEnabled: false, browserConnectionEnabled: false, browserName: chrome, chrome: {chromedriverVersion: 2.34.522940 (1a76f96f66e3ca..., userDataDir: C:\Users\veera\AppData\Loca...}, cssSelectorsEnabled: true, databaseEnabled: false, handlesAlerts: true, hasTouchScreen: false, javascriptEnabled: true, locationContextEnabled: true, mobileEmulationEnabled: false, nativeEvents: true, networkConnectionEnabled: false, pageLoadStrategy: normal, platform: XP, platformName: XP, rotatable: false, setWindowRect: true, takesHeapSnapshot: true, takesScreenshot: true, unexpectedAlertBehaviour: , unhandledPromptBehavior: , version: 64.0.3282.186, webStorageEnabled: true}Session ID: 5a560f6a5a4a9d6d968c7234196d20ed]]>
            </line>
            <line>
              <![CDATA[PASS : Clicked "Continue" Button From "Flights" page.]]>
            </line>
            <line>
              <![CDATA[FAIL : "Group Detail" Page Title is Villa Plus | Group Details]]>
            </line>
            <line>
              <![CDATA[PASS : \ Title is Clickable]]>
            </line>
            <line>
              <![CDATA[PASS : \ Title is Selected]]>
            </line>
            <line>
              <![CDATA[PASS : \ Title is Clickable]]>
            </line>
            <line>
              <![CDATA[PASS : \ Title is Selected]]>
            </line>
            <line>
              <![CDATA[PASS : \ Title is Clickable]]>
            </line>
            <line>
              <![CDATA[PASS : \ Title is Selected]]>
            </line>
            <line>
              <![CDATA[PASS : \ Title is Clickable]]>
            </line>
            <line>
              <![CDATA[PASS : \ Title is Selected]]>
            </line>
            <line>
              <![CDATA[PASS : Adding First Name ]]>
            </line>
            <line>
              <![CDATA[PASS : Adding First Name ]]>
            </line>
            <line>
              <![CDATA[PASS : Adding First Name ]]>
            </line>
            <line>
              <![CDATA[PASS : Adding First Name ]]>
            </line>
            <line>
              <![CDATA[PASS : Adding Last Name ]]>
            </line>
            <line>
              <![CDATA[PASS : Adding Last Name ]]>
            </line>
            <line>
              <![CDATA[PASS : Adding Last Name ]]>
            </line>
            <line>
              <![CDATA[PASS : Adding Last Name ]]>
            </line>
            <line>
              <![CDATA[PASS : Adding EmailId ]]>
            </line>
            <line>
              <![CDATA[PASS : Adding EmailId ]]>
            </line>
            <line>
              <![CDATA[FAIL : Adding EmailIdelement not visible  (Session info: chrome=64.0.3282.186)  (Driver info: chromedriver=2.34.522940 (1a76f96f66e3ca7b8e57d503b4dd3bccfba87af1),platform=Windows NT 10.0.15063 x86_64) (WARNING: The server did not provide any stacktrace information)Command duration or timeout: 0 millisecondsBuild info: version: '3.8.1', revision: '6e95a6684b', time: '2017-12-01T19:05:14.666Z'System info: host: 'ASH-LPT-19', ip: '10.81.234.6', os.name: 'Windows 10', os.arch: 'amd64', os.version: '10.0', java.version: '1.8.0_151'Driver info: org.openqa.selenium.chrome.ChromeDriverCapabilities {acceptSslCerts: true, applicationCacheEnabled: false, browserConnectionEnabled: false, browserName: chrome, chrome: {chromedriverVersion: 2.34.522940 (1a76f96f66e3ca..., userDataDir: C:\Users\veera\AppData\Loca...}, cssSelectorsEnabled: true, databaseEnabled: false, handlesAlerts: true, hasTouchScreen: false, javascriptEnabled: true, locationContextEnabled: true, mobileEmulationEnabled: false, nativeEvents: true, networkConnectionEnabled: false, pageLoadStrategy: normal, platform: XP, platformName: XP, rotatable: false, setWindowRect: true, takesHeapSnapshot: true, takesScreenshot: true, unexpectedAlertBehaviour: , unhandledPromptBehavior: , version: 64.0.3282.186, webStorageEnabled: true}Session ID: 5a560f6a5a4a9d6d968c7234196d20ed]]>
            </line>
            <line>
              <![CDATA[PASS : Adding Confirm EmailId ]]>
            </line>
            <line>
              <![CDATA[PASS : Adding Age]]>
            </line>
            <line>
              <![CDATA[PASS : Adding Age]]>
            </line>
            <line>
              <![CDATA[PASS : Adding Age]]>
            </line>
            <line>
              <![CDATA[PASS : Adding Age]]>
            </line>
            <line>
              <![CDATA[PASS : Adding a Day Phone no Code ]]>
            </line>
            <line>
              <![CDATA[PASS : Click on I Agree Button]]>
            </line>
            <line>
              <![CDATA[FAIL : "Extras" Page Title is Villa Plus | Group Details]]>
            </line>
            <line>
              <![CDATA[PASS : Clicked "Continue" Button From "Extras" page.]]>
            </line>
            <line>
              <![CDATA[FAIL : Could Not Click "I Agree" Button From "Extras" page.no such element: Unable to locate element: {"method":"link text","selector":"I Agree"}  (Session info: chrome=64.0.3282.186)  (Driver info: chromedriver=2.34.522940 (1a76f96f66e3ca7b8e57d503b4dd3bccfba87af1),platform=Windows NT 10.0.15063 x86_64) (WARNING: The server did not provide any stacktrace information)Command duration or timeout: 0 millisecondsFor documentation on this error, please visit: http://seleniumhq.org/exceptions/no_such_element.htmlBuild info: version: '3.8.1', revision: '6e95a6684b', time: '2017-12-01T19:05:14.666Z'System info: host: 'ASH-LPT-19', ip: '10.81.234.6', os.name: 'Windows 10', os.arch: 'amd64', os.version: '10.0', java.version: '1.8.0_151'Driver info: org.openqa.selenium.chrome.ChromeDriverCapabilities {acceptSslCerts: true, applicationCacheEnabled: false, browserConnectionEnabled: false, browserName: chrome, chrome: {chromedriverVersion: 2.34.522940 (1a76f96f66e3ca..., userDataDir: C:\Users\veera\AppData\Loca...}, cssSelectorsEnabled: true, databaseEnabled: false, handlesAlerts: true, hasTouchScreen: false, javascriptEnabled: true, locationContextEnabled: true, mobileEmulationEnabled: false, nativeEvents: true, networkConnectionEnabled: false, pageLoadStrategy: normal, platform: XP, platformName: XP, rotatable: false, setWindowRect: true, takesHeapSnapshot: true, takesScreenshot: true, unexpectedAlertBehaviour: , unhandledPromptBehavior: , version: 64.0.3282.186, webStorageEnabled: true}Session ID: 5a560f6a5a4a9d6d968c7234196d20ed*** Element info: {Using=link text, value=I Agree}]]>
            </line>
          </reporter-output>
        </test-method> <!-- ConvertedBookingVerification -->
        <test-method status="PASS" signature="CloseBrowser()[pri:0, instance:com.vp.tests.ConvertedBooking@4dfa3a9d]" name="CloseBrowser" is-config="true" duration-ms="796" started-at="2018-03-16T06:57:39Z" finished-at="2018-03-16T06:57:40Z">
          <reporter-output>
          </reporter-output>
        </test-method> <!-- CloseBrowser -->
      </class> <!-- com.vp.tests.ConvertedBooking -->
      <class name="com.vp.tests.VillaOnlyBooking">
        <test-method status="PASS" signature="initBrowser(java.lang.String, java.lang.String)[pri:0, instance:com.vp.tests.VillaOnlyBooking@754ba872]" name="initBrowser" is-config="true" duration-ms="22074" started-at="2018-03-16T06:52:25Z" finished-at="2018-03-16T06:52:47Z">
          <params>
            <param index="0">
              <value>
                <![CDATA[chrome]]>
              </value>
            </param>
            <param index="1">
              <value>
                <![CDATA[https://www.villaplus.com/]]>
              </value>
            </param>
          </params>
          <reporter-output>
          </reporter-output>
        </test-method> <!-- initBrowser -->
        <test-method status="PASS" signature="VillaOnlyBookingVerification(java.lang.String, java.lang.String, java.lang.String, java.lang.String, java.lang.String, java.lang.String)[pri:2, instance:com.vp.tests.VillaOnlyBooking@754ba872]" name="VillaOnlyBookingVerification" duration-ms="137758" started-at="2018-03-16T06:52:47Z" finished-at="2018-03-16T06:55:05Z">
          <params>
            <param index="0">
              <value>
                <![CDATA[chrome]]>
              </value>
            </param>
            <param index="1">
              <value>
                <![CDATA[https://www.villaplus.com/]]>
              </value>
            </param>
            <param index="2">
              <value>
                <![CDATA[2]]>
              </value>
            </param>
            <param index="3">
              <value>
                <![CDATA[2]]>
              </value>
            </param>
            <param index="4">
              <value>
                <![CDATA[0]]>
              </value>
            </param>
            <param index="5">
              <value>
                <![CDATA[05-23-2020]]>
              </value>
            </param>
          </params>
          <reporter-output>
            <line>
              <![CDATA[PASS : "Home Page" is Opened.]]>
            </line>
            <line>
              <![CDATA[PASS : Destinations Dropdown is Opened.]]>
            </line>
            <line>
              <![CDATA[PASS : "Algarve" Selected from Destinations Dropdown.]]>
            </line>
            <line>
              <![CDATA[PASS : Clicked Date Text box.]]>
            </line>
            <line>
              <![CDATA[PASS : Selected "August 2018" From Month dropdown.]]>
            </line>
            <line>
              <![CDATA[PASS : Selected "19" Date From Calender.]]>
            </line>
            <line>
              <![CDATA[PASS : Selected "14 nights" From Duration dropdown.]]>
            </line>
            <line>
              <![CDATA[PASS : Selected "2" Adults.]]>
            </line>
            <line>
              <![CDATA[PASS : Selected "2" Child.]]>
            </line>
            <line>
              <![CDATA[PASS : Selected "0" Infants.]]>
            </line>
            <line>
              <![CDATA[FAIL : Could Not Select "[[[[ChromeDriver: chrome on XP (8c59856ef055b7557ff2e167ad4d8f08)] -> id: ddAirports]] -> tag name: option]" From Airports dropdown.Index: 34, Size: 34]]>
            </line>
            <line>
              <![CDATA[PASS : Clicked "Search" Button from Search Tile.]]>
            </line>
            <line>
              <![CDATA[PASS : "Search Results" Page Opened.]]>
            </line>
            <line>
              <![CDATA[PASS : 0 Villas found in Search Results page.]]>
            </line>
            <line>
              <![CDATA[PASS : Destinations Dropdown is Opened.]]>
            </line>
            <line>
              <![CDATA[PASS : "Rhodes" Selected from Destinations Dropdown.]]>
            </line>
            <line>
              <![CDATA[PASS : Clicked Date Text box.]]>
            </line>
            <line>
              <![CDATA[PASS : Selected "August 2018" From Month dropdown.]]>
            </line>
            <line>
              <![CDATA[PASS : Selected "1" Date From Calender.]]>
            </line>
            <line>
              <![CDATA[PASS : Selected "28 nights" From Duration dropdown.]]>
            </line>
            <line>
              <![CDATA[PASS : Selected "2" Adults.]]>
            </line>
            <line>
              <![CDATA[PASS : Selected "2" Child.]]>
            </line>
            <line>
              <![CDATA[PASS : Selected "0" Infants.]]>
            </line>
            <line>
              <![CDATA[FAIL : Could Not Select "[[[[ChromeDriver: chrome on XP (8c59856ef055b7557ff2e167ad4d8f08)] -> id: ddAirports]] -> tag name: option]" From Airports dropdown.Index: 34, Size: 34]]>
            </line>
            <line>
              <![CDATA[PASS : Clicked "Search" Button from Search Tile.]]>
            </line>
            <line>
              <![CDATA[PASS : "Search Results" Page Opened.]]>
            </line>
            <line>
              <![CDATA[PASS : 0 Villas found in Search Results page.]]>
            </line>
            <line>
              <![CDATA[PASS : Destinations Dropdown is Opened.]]>
            </line>
            <line>
              <![CDATA[PASS : "Costa del Sol" Selected from Destinations Dropdown.]]>
            </line>
            <line>
              <![CDATA[PASS : Clicked Date Text box.]]>
            </line>
            <line>
              <![CDATA[PASS : Selected "July 2018" From Month dropdown.]]>
            </line>
            <line>
              <![CDATA[PASS : Selected "13" Date From Calender.]]>
            </line>
            <line>
              <![CDATA[PASS : Selected "14 nights" From Duration dropdown.]]>
            </line>
            <line>
              <![CDATA[PASS : Selected "2" Adults.]]>
            </line>
            <line>
              <![CDATA[PASS : Selected "2" Child.]]>
            </line>
            <line>
              <![CDATA[PASS : Selected "0" Infants.]]>
            </line>
            <line>
              <![CDATA[FAIL : Could Not Select "[[[[ChromeDriver: chrome on XP (8c59856ef055b7557ff2e167ad4d8f08)] -> id: ddAirports]] -> tag name: option]" From Airports dropdown.Index: 34, Size: 34]]>
            </line>
            <line>
              <![CDATA[PASS : Clicked "Search" Button from Search Tile.]]>
            </line>
            <line>
              <![CDATA[PASS : "Search Results" Page Opened.]]>
            </line>
            <line>
              <![CDATA[PASS : 6 Villas found in Search Results page.]]>
            </line>
            <line>
              <![CDATA[PASS : Clicked "Book Villa Only" Button.]]>
            </line>
            <line>
              <![CDATA[FAIL : Could Not click "Book Villa Only" Button.stale element reference: element is not attached to the page document  (Session info: chrome=64.0.3282.186)  (Driver info: chromedriver=2.34.522940 (1a76f96f66e3ca7b8e57d503b4dd3bccfba87af1),platform=Windows NT 10.0.15063 x86_64) (WARNING: The server did not provide any stacktrace information)Command duration or timeout: 0 millisecondsFor documentation on this error, please visit: http://seleniumhq.org/exceptions/stale_element_reference.htmlBuild info: version: '3.8.1', revision: '6e95a6684b', time: '2017-12-01T19:05:14.666Z'System info: host: 'ASH-LPT-19', ip: '10.81.234.6', os.name: 'Windows 10', os.arch: 'amd64', os.version: '10.0', java.version: '1.8.0_151'Driver info: org.openqa.selenium.chrome.ChromeDriverCapabilities {acceptSslCerts: true, applicationCacheEnabled: false, browserConnectionEnabled: false, browserName: chrome, chrome: {chromedriverVersion: 2.34.522940 (1a76f96f66e3ca..., userDataDir: C:\Users\veera\AppData\Loca...}, cssSelectorsEnabled: true, databaseEnabled: false, handlesAlerts: true, hasTouchScreen: false, javascriptEnabled: true, locationContextEnabled: true, mobileEmulationEnabled: false, nativeEvents: true, networkConnectionEnabled: false, pageLoadStrategy: normal, platform: XP, platformName: XP, rotatable: false, setWindowRect: true, takesHeapSnapshot: true, takesScreenshot: true, unexpectedAlertBehaviour: , unhandledPromptBehavior: , version: 64.0.3282.186, webStorageEnabled: true}Session ID: 8c59856ef055b7557ff2e167ad4d8f08]]>
            </line>
            <line>
              <![CDATA[PASS : Clicked "Continue" Button From "Flights" page.]]>
            </line>
            <line>
              <![CDATA[FAIL : "Group Detail" Page Title is Villa Plus | Group Details]]>
            </line>
            <line>
              <![CDATA[PASS : \ Title is Clickable]]>
            </line>
            <line>
              <![CDATA[PASS : \ Title is Selected]]>
            </line>
            <line>
              <![CDATA[PASS : \ Title is Clickable]]>
            </line>
            <line>
              <![CDATA[PASS : \ Title is Selected]]>
            </line>
            <line>
              <![CDATA[PASS : \ Title is Clickable]]>
            </line>
            <line>
              <![CDATA[PASS : \ Title is Selected]]>
            </line>
            <line>
              <![CDATA[PASS : \ Title is Clickable]]>
            </line>
            <line>
              <![CDATA[PASS : \ Title is Selected]]>
            </line>
            <line>
              <![CDATA[PASS : Adding First Name ]]>
            </line>
            <line>
              <![CDATA[PASS : Adding First Name ]]>
            </line>
            <line>
              <![CDATA[PASS : Adding First Name ]]>
            </line>
            <line>
              <![CDATA[PASS : Adding First Name ]]>
            </line>
            <line>
              <![CDATA[PASS : Adding Last Name ]]>
            </line>
            <line>
              <![CDATA[PASS : Adding Last Name ]]>
            </line>
            <line>
              <![CDATA[PASS : Adding Last Name ]]>
            </line>
            <line>
              <![CDATA[PASS : Adding Last Name ]]>
            </line>
            <line>
              <![CDATA[PASS : Adding EmailId ]]>
            </line>
            <line>
              <![CDATA[PASS : Adding EmailId ]]>
            </line>
            <line>
              <![CDATA[FAIL : Adding EmailIdelement not visible  (Session info: chrome=64.0.3282.186)  (Driver info: chromedriver=2.34.522940 (1a76f96f66e3ca7b8e57d503b4dd3bccfba87af1),platform=Windows NT 10.0.15063 x86_64) (WARNING: The server did not provide any stacktrace information)Command duration or timeout: 0 millisecondsBuild info: version: '3.8.1', revision: '6e95a6684b', time: '2017-12-01T19:05:14.666Z'System info: host: 'ASH-LPT-19', ip: '10.81.234.6', os.name: 'Windows 10', os.arch: 'amd64', os.version: '10.0', java.version: '1.8.0_151'Driver info: org.openqa.selenium.chrome.ChromeDriverCapabilities {acceptSslCerts: true, applicationCacheEnabled: false, browserConnectionEnabled: false, browserName: chrome, chrome: {chromedriverVersion: 2.34.522940 (1a76f96f66e3ca..., userDataDir: C:\Users\veera\AppData\Loca...}, cssSelectorsEnabled: true, databaseEnabled: false, handlesAlerts: true, hasTouchScreen: false, javascriptEnabled: true, locationContextEnabled: true, mobileEmulationEnabled: false, nativeEvents: true, networkConnectionEnabled: false, pageLoadStrategy: normal, platform: XP, platformName: XP, rotatable: false, setWindowRect: true, takesHeapSnapshot: true, takesScreenshot: true, unexpectedAlertBehaviour: , unhandledPromptBehavior: , version: 64.0.3282.186, webStorageEnabled: true}Session ID: 8c59856ef055b7557ff2e167ad4d8f08]]>
            </line>
            <line>
              <![CDATA[PASS : Adding Confirm EmailId ]]>
            </line>
            <line>
              <![CDATA[PASS : Adding Age]]>
            </line>
            <line>
              <![CDATA[PASS : Adding Age]]>
            </line>
            <line>
              <![CDATA[PASS : Adding Age]]>
            </line>
            <line>
              <![CDATA[PASS : Adding Age]]>
            </line>
            <line>
              <![CDATA[PASS : Adding a Day Phone no Code ]]>
            </line>
            <line>
              <![CDATA[PASS : Click on I Agree Button]]>
            </line>
            <line>
              <![CDATA[FAIL : "Extras" Page Title is Villa Plus | Group Details]]>
            </line>
            <line>
              <![CDATA[PASS : Clicked "Continue" Button From "Extras" page.]]>
            </line>
            <line>
              <![CDATA[FAIL : Could Not Click "I Agree" Button From "Extras" page.no such element: Unable to locate element: {"method":"link text","selector":"I Agree"}  (Session info: chrome=64.0.3282.186)  (Driver info: chromedriver=2.34.522940 (1a76f96f66e3ca7b8e57d503b4dd3bccfba87af1),platform=Windows NT 10.0.15063 x86_64) (WARNING: The server did not provide any stacktrace information)Command duration or timeout: 0 millisecondsFor documentation on this error, please visit: http://seleniumhq.org/exceptions/no_such_element.htmlBuild info: version: '3.8.1', revision: '6e95a6684b', time: '2017-12-01T19:05:14.666Z'System info: host: 'ASH-LPT-19', ip: '10.81.234.6', os.name: 'Windows 10', os.arch: 'amd64', os.version: '10.0', java.version: '1.8.0_151'Driver info: org.openqa.selenium.chrome.ChromeDriverCapabilities {acceptSslCerts: true, applicationCacheEnabled: false, browserConnectionEnabled: false, browserName: chrome, chrome: {chromedriverVersion: 2.34.522940 (1a76f96f66e3ca..., userDataDir: C:\Users\veera\AppData\Loca...}, cssSelectorsEnabled: true, databaseEnabled: false, handlesAlerts: true, hasTouchScreen: false, javascriptEnabled: true, locationContextEnabled: true, mobileEmulationEnabled: false, nativeEvents: true, networkConnectionEnabled: false, pageLoadStrategy: normal, platform: XP, platformName: XP, rotatable: false, setWindowRect: true, takesHeapSnapshot: true, takesScreenshot: true, unexpectedAlertBehaviour: , unhandledPromptBehavior: , version: 64.0.3282.186, webStorageEnabled: true}Session ID: 8c59856ef055b7557ff2e167ad4d8f08*** Element info: {Using=link text, value=I Agree}]]>
            </line>
            <line>
              <![CDATA[PASS : Clicked "Later" Button From "Flight Info" Popup.]]>
            </line>
          </reporter-output>
        </test-method> <!-- VillaOnlyBookingVerification -->
        <test-method status="PASS" signature="CloseBrowser()[pri:0, instance:com.vp.tests.VillaOnlyBooking@754ba872]" name="CloseBrowser" is-config="true" duration-ms="759" started-at="2018-03-16T06:55:05Z" finished-at="2018-03-16T06:55:06Z">
          <reporter-output>
          </reporter-output>
        </test-method> <!-- CloseBrowser -->
      </class> <!-- com.vp.tests.VillaOnlyBooking -->
      <class name="com.vp.tests.PackageBooking">
        <test-method status="PASS" signature="initBrowser(java.lang.String, java.lang.String)[pri:0, instance:com.vp.tests.PackageBooking@146ba0ac]" name="initBrowser" is-config="true" duration-ms="37214" started-at="2018-03-16T06:48:37Z" finished-at="2018-03-16T06:49:14Z">
          <params>
            <param index="0">
              <value>
                <![CDATA[chrome]]>
              </value>
            </param>
            <param index="1">
              <value>
                <![CDATA[https://www.villaplus.com/]]>
              </value>
            </param>
          </params>
          <reporter-output>
          </reporter-output>
        </test-method> <!-- initBrowser -->
        <test-method status="PASS" signature="PackageBookingVerification(java.lang.String, java.lang.String, java.lang.String, java.lang.String, java.lang.String, java.lang.String)[pri:1, instance:com.vp.tests.PackageBooking@146ba0ac]" name="PackageBookingVerification" duration-ms="190156" started-at="2018-03-16T06:49:14Z" finished-at="2018-03-16T06:52:25Z">
          <params>
            <param index="0">
              <value>
                <![CDATA[chrome]]>
              </value>
            </param>
            <param index="1">
              <value>
                <![CDATA[https://www.villaplus.com/]]>
              </value>
            </param>
            <param index="2">
              <value>
                <![CDATA[2]]>
              </value>
            </param>
            <param index="3">
              <value>
                <![CDATA[2]]>
              </value>
            </param>
            <param index="4">
              <value>
                <![CDATA[0]]>
              </value>
            </param>
            <param index="5">
              <value>
                <![CDATA[05-23-2020]]>
              </value>
            </param>
          </params>
          <reporter-output>
            <line>
              <![CDATA[PASS : "Home Page" is Opened.]]>
            </line>
            <line>
              <![CDATA[PASS : Destinations Dropdown is Opened.]]>
            </line>
            <line>
              <![CDATA[FAIL : Could not Select "Menorca" from Destinations Dropdown.Index: 24, Size: 24]]>
            </line>
            <line>
              <![CDATA[PASS : Clicked Date Text box.]]>
            </line>
            <line>
              <![CDATA[PASS : Selected "September 2018" From Month dropdown.]]>
            </line>
            <line>
              <![CDATA[PASS : Selected "28" Date From Calender.]]>
            </line>
            <line>
              <![CDATA[PASS : Selected "14 nights" From Duration dropdown.]]>
            </line>
            <line>
              <![CDATA[PASS : Selected "2" Adults.]]>
            </line>
            <line>
              <![CDATA[PASS : Selected "2" Child.]]>
            </line>
            <line>
              <![CDATA[PASS : Selected "0" Infants.]]>
            </line>
            <line>
              <![CDATA[FAIL : Could Not Select "[[[[ChromeDriver: chrome on XP (110d46a4cbfa9c68af4119521b4c185b)] -> id: ddAirports]] -> tag name: option]" From Airports dropdown.Index: 34, Size: 34]]>
            </line>
            <line>
              <![CDATA[PASS : Clicked "Search" Button from Search Tile.]]>
            </line>
            <line>
              <![CDATA[PASS : "Search Results" Page Opened.]]>
            </line>
            <line>
              <![CDATA[PASS : 51 Villas found in Search Results page.]]>
            </line>
            <line>
              <![CDATA[PASS : Clicked "Book Villa & Flights" Button.]]>
            </line>
            <line>
              <![CDATA[PASS : "Flights" Page Opened.]]>
            </line>
            <line>
              <![CDATA[PASS : Clicked "Continue" Button From "Flights" page.]]>
            </line>
            <line>
              <![CDATA[FAIL : "Group Detail" Page Title is Villa Plus | Flights]]>
            </line>
            <line>
              <![CDATA[PASS : \ Title is Clickable]]>
            </line>
            <line>
              <![CDATA[PASS : \ Title is Selected]]>
            </line>
            <line>
              <![CDATA[PASS : \ Title is Clickable]]>
            </line>
            <line>
              <![CDATA[PASS : \ Title is Selected]]>
            </line>
            <line>
              <![CDATA[PASS : \ Title is Clickable]]>
            </line>
            <line>
              <![CDATA[PASS : \ Title is Selected]]>
            </line>
            <line>
              <![CDATA[PASS : Adding First Name ]]>
            </line>
            <line>
              <![CDATA[PASS : Adding First Name ]]>
            </line>
            <line>
              <![CDATA[PASS : Adding First Name ]]>
            </line>
            <line>
              <![CDATA[PASS : Adding First Name ]]>
            </line>
            <line>
              <![CDATA[PASS : Adding Last Name ]]>
            </line>
            <line>
              <![CDATA[PASS : Adding Last Name ]]>
            </line>
            <line>
              <![CDATA[PASS : Adding Last Name ]]>
            </line>
            <line>
              <![CDATA[PASS : Adding Last Name ]]>
            </line>
            <line>
              <![CDATA[PASS : Adding EmailId ]]>
            </line>
            <line>
              <![CDATA[PASS : Adding EmailId ]]>
            </line>
            <line>
              <![CDATA[FAIL : Adding EmailIdelement not visible  (Session info: chrome=64.0.3282.186)  (Driver info: chromedriver=2.34.522940 (1a76f96f66e3ca7b8e57d503b4dd3bccfba87af1),platform=Windows NT 10.0.15063 x86_64) (WARNING: The server did not provide any stacktrace information)Command duration or timeout: 0 millisecondsBuild info: version: '3.8.1', revision: '6e95a6684b', time: '2017-12-01T19:05:14.666Z'System info: host: 'ASH-LPT-19', ip: '10.81.234.6', os.name: 'Windows 10', os.arch: 'amd64', os.version: '10.0', java.version: '1.8.0_151'Driver info: org.openqa.selenium.chrome.ChromeDriverCapabilities {acceptSslCerts: true, applicationCacheEnabled: false, browserConnectionEnabled: false, browserName: chrome, chrome: {chromedriverVersion: 2.34.522940 (1a76f96f66e3ca..., userDataDir: C:\Users\veera\AppData\Loca...}, cssSelectorsEnabled: true, databaseEnabled: false, handlesAlerts: true, hasTouchScreen: false, javascriptEnabled: true, locationContextEnabled: true, mobileEmulationEnabled: false, nativeEvents: true, networkConnectionEnabled: false, pageLoadStrategy: normal, platform: XP, platformName: XP, rotatable: false, setWindowRect: true, takesHeapSnapshot: true, takesScreenshot: true, unexpectedAlertBehaviour: , unhandledPromptBehavior: , version: 64.0.3282.186, webStorageEnabled: true}Session ID: 110d46a4cbfa9c68af4119521b4c185b]]>
            </line>
            <line>
              <![CDATA[PASS : Adding Confirm EmailId ]]>
            </line>
            <line>
              <![CDATA[PASS : Adding Age]]>
            </line>
            <line>
              <![CDATA[PASS : Adding Age]]>
            </line>
            <line>
              <![CDATA[PASS : Adding Age]]>
            </line>
            <line>
              <![CDATA[PASS : Adding Age]]>
            </line>
            <line>
              <![CDATA[PASS : Adding a Day Phone no Code ]]>
            </line>
            <line>
              <![CDATA[FAIL :no such element: Unable to locate element: {"method":"id","selector":"BtnOk"}  (Session info: chrome=64.0.3282.186)  (Driver info: chromedriver=2.34.522940 (1a76f96f66e3ca7b8e57d503b4dd3bccfba87af1),platform=Windows NT 10.0.15063 x86_64) (WARNING: The server did not provide any stacktrace information)Command duration or timeout: 0 millisecondsFor documentation on this error, please visit: http://seleniumhq.org/exceptions/no_such_element.htmlBuild info: version: '3.8.1', revision: '6e95a6684b', time: '2017-12-01T19:05:14.666Z'System info: host: 'ASH-LPT-19', ip: '10.81.234.6', os.name: 'Windows 10', os.arch: 'amd64', os.version: '10.0', java.version: '1.8.0_151'Driver info: org.openqa.selenium.chrome.ChromeDriverCapabilities {acceptSslCerts: true, applicationCacheEnabled: false, browserConnectionEnabled: false, browserName: chrome, chrome: {chromedriverVersion: 2.34.522940 (1a76f96f66e3ca..., userDataDir: C:\Users\veera\AppData\Loca...}, cssSelectorsEnabled: true, databaseEnabled: false, handlesAlerts: true, hasTouchScreen: false, javascriptEnabled: true, locationContextEnabled: true, mobileEmulationEnabled: false, nativeEvents: true, networkConnectionEnabled: false, pageLoadStrategy: normal, platform: XP, platformName: XP, rotatable: false, setWindowRect: true, takesHeapSnapshot: true, takesScreenshot: true, unexpectedAlertBehaviour: , unhandledPromptBehavior: , version: 64.0.3282.186, webStorageEnabled: true}Session ID: 110d46a4cbfa9c68af4119521b4c185b*** Element info: {Using=id, value=BtnOk}]]>
            </line>
            <line>
              <![CDATA[FAIL : "Extras" Page Title is Villa Plus | Group Details]]>
            </line>
            <line>
              <![CDATA[FAIL : Could Not Click "Continue" Button From "Extras" page.no such element: Unable to locate element: {"method":"link text","selector":"Continue"}  (Session info: chrome=64.0.3282.186)  (Driver info: chromedriver=2.34.522940 (1a76f96f66e3ca7b8e57d503b4dd3bccfba87af1),platform=Windows NT 10.0.15063 x86_64) (WARNING: The server did not provide any stacktrace information)Command duration or timeout: 0 millisecondsFor documentation on this error, please visit: http://seleniumhq.org/exceptions/no_such_element.htmlBuild info: version: '3.8.1', revision: '6e95a6684b', time: '2017-12-01T19:05:14.666Z'System info: host: 'ASH-LPT-19', ip: '10.81.234.6', os.name: 'Windows 10', os.arch: 'amd64', os.version: '10.0', java.version: '1.8.0_151'Driver info: org.openqa.selenium.chrome.ChromeDriverCapabilities {acceptSslCerts: true, applicationCacheEnabled: false, browserConnectionEnabled: false, browserName: chrome, chrome: {chromedriverVersion: 2.34.522940 (1a76f96f66e3ca..., userDataDir: C:\Users\veera\AppData\Loca...}, cssSelectorsEnabled: true, databaseEnabled: false, handlesAlerts: true, hasTouchScreen: false, javascriptEnabled: true, locationContextEnabled: true, mobileEmulationEnabled: false, nativeEvents: true, networkConnectionEnabled: false, pageLoadStrategy: normal, platform: XP, platformName: XP, rotatable: false, setWindowRect: true, takesHeapSnapshot: true, takesScreenshot: true, unexpectedAlertBehaviour: , unhandledPromptBehavior: , version: 64.0.3282.186, webStorageEnabled: true}Session ID: 110d46a4cbfa9c68af4119521b4c185b*** Element info: {Using=link text, value=Continue}]]>
            </line>
            <line>
              <![CDATA[FAIL : Could Not Click "I Agree" Button From "Extras" page.no such element: Unable to locate element: {"method":"link text","selector":"I Agree"}  (Session info: chrome=64.0.3282.186)  (Driver info: chromedriver=2.34.522940 (1a76f96f66e3ca7b8e57d503b4dd3bccfba87af1),platform=Windows NT 10.0.15063 x86_64) (WARNING: The server did not provide any stacktrace information)Command duration or timeout: 0 millisecondsFor documentation on this error, please visit: http://seleniumhq.org/exceptions/no_such_element.htmlBuild info: version: '3.8.1', revision: '6e95a6684b', time: '2017-12-01T19:05:14.666Z'System info: host: 'ASH-LPT-19', ip: '10.81.234.6', os.name: 'Windows 10', os.arch: 'amd64', os.version: '10.0', java.version: '1.8.0_151'Driver info: org.openqa.selenium.chrome.ChromeDriverCapabilities {acceptSslCerts: true, applicationCacheEnabled: false, browserConnectionEnabled: false, browserName: chrome, chrome: {chromedriverVersion: 2.34.522940 (1a76f96f66e3ca..., userDataDir: C:\Users\veera\AppData\Loca...}, cssSelectorsEnabled: true, databaseEnabled: false, handlesAlerts: true, hasTouchScreen: false, javascriptEnabled: true, locationContextEnabled: true, mobileEmulationEnabled: false, nativeEvents: true, networkConnectionEnabled: false, pageLoadStrategy: normal, platform: XP, platformName: XP, rotatable: false, setWindowRect: true, takesHeapSnapshot: true, takesScreenshot: true, unexpectedAlertBehaviour: , unhandledPromptBehavior: , version: 64.0.3282.186, webStorageEnabled: true}Session ID: 110d46a4cbfa9c68af4119521b4c185b*** Element info: {Using=link text, value=I Agree}]]>
            </line>
          </reporter-output>
        </test-method> <!-- PackageBookingVerification -->
        <test-method status="PASS" signature="CloseBrowser()[pri:0, instance:com.vp.tests.PackageBooking@146ba0ac]" name="CloseBrowser" is-config="true" duration-ms="801" started-at="2018-03-16T06:52:25Z" finished-at="2018-03-16T06:52:25Z">
          <reporter-output>
          </reporter-output>
        </test-method> <!-- CloseBrowser -->
      </class> <!-- com.vp.tests.PackageBooking -->
    </test> <!-- SmokeTests -->
  </suite> <!-- TestAutomationSmokeTestSuite -->
</testng-results>
